<?xml version="1.0" encoding="UTF-8"?>
<coverage generated="1618312030990" clover="3.2.0">
  <project timestamp="1618312030990" name="All files">
    <metrics statements="0" coveredstatements="0" conditionals="0" coveredconditionals="0" methods="0" coveredmethods="0" elements="0" coveredelements="0" complexity="0" loc="0" ncloc="0" packages="2" files="2" classes="2"/>
    <package name="src">
      <metrics statements="0" coveredstatements="0" conditionals="0" coveredconditionals="0" methods="0" coveredmethods="0"/>
      <file name="App.js" path="/Volumes/VAULT 3.0/MRBACKSLASH/WeatherLab360/src/App.js">
        <metrics statements="0" coveredstatements="0" conditionals="0" coveredconditionals="0" methods="0" coveredmethods="0"/>
      </file>
    </package>
    <package name="src.components.HelloWorld">
      <metrics statements="0" coveredstatements="0" conditionals="0" coveredconditionals="0" methods="0" coveredmethods="0"/>
      <file name="HelloWorld.js" path="/Volumes/VAULT 3.0/MRBACKSLASH/WeatherLab360/src/components/HelloWorld/HelloWorld.js">
        <metrics statements="0" coveredstatements="0" conditionals="0" coveredconditionals="0" methods="0" coveredmethods="0"/>
      </file>
    </package>
  </project>
</coverage>
