{"/Volumes/VAULT 3.0/MRBACKSLASH/WeatherLab360/src/App.js": {"path":"/Volumes/VAULT 3.0/MRBACKSLASH/WeatherLab360/src/App.js","statementMap":{},"fnMap":{},"branchMap":{},"s":{},"f":{},"b":{},"_coverageSchema":"43e27e138ebf9cfc5966b082cf9a028302ed4184","hash":"43913150a423413130fcbeb6de7a0cc8928439db"}
,"/Volumes/VAULT 3.0/MRBACKSLASH/WeatherLab360/src/components/HelloWorld/HelloWorld.js": {"path":"/Volumes/VAULT 3.0/MRBACKSLASH/WeatherLab360/src/components/HelloWorld/HelloWorld.js","statementMap":{},"fnMap":{},"branchMap":{},"s":{},"f":{},"b":{},"_coverageSchema":"43e27e138ebf9cfc5966b082cf9a028302ed4184","hash":"a4033e9bee5c1691c2f2605568576cda18328421"}
}
