{"/Volumes/VAULT 3.0/MRBACKSLASH/WeatherLab360/src/App.vue": {"path":"/Volumes/VAULT 3.0/MRBACKSLASH/WeatherLab360/src/App.vue","statementMap":{"0":{"start":{"line":4,"column":0},"end":{"line":4,"column":null}},"1":{"start":{"line":38,"column":0},"end":{"line":38,"column":null}},"2":{"start":{"line":41,"column":0},"end":{"line":41,"column":null}},"3":{"start":{"line":42,"column":0},"end":{"line":42,"column":null}}},"fnMap":{"0":{"name":"(anonymous_1)","decl":{"start":{"line":3,"column":0},"end":{"line":3,"column":null}},"loc":{"start":{"line":3,"column":0},"end":{"line":35,"column":null}}},"1":{"name":"(anonymous_2)","decl":{"start":{"line":37,"column":0},"end":{"line":37,"column":null}},"loc":{"start":{"line":37,"column":0},"end":{"line":39,"column":null}}},"2":{"name":"(anonymous_3)","decl":{"start":{"line":40,"column":0},"end":{"line":40,"column":null}},"loc":{"start":{"line":40,"column":0},"end":{"line":43,"column":null}}}},"branchMap":{},"s":{"0":1,"1":0,"2":0,"3":0},"f":{"0":1,"1":0,"2":0},"b":{}}
}
